<?xml version="1.0" encoding="UTF-8"?>
<!-- Generated by org.testng.reporters.JUnitReportReporter -->
<testsuite skipped="0" hostname="CBT-MH-000" name="Listuser" tests="1" failures="0" timestamp="24 Oct 2019 12:11:06 GMT" time="4.039" errors="0">
  <testcase name="listuser" time="4.039" classname="Listuser"/>
</testsuite> <!-- Listuser -->
