<?xml version="1.0" encoding="UTF-8"?>
<!-- Generated by org.testng.reporters.JUnitReportReporter -->
<testsuite skipped="0" hostname="CBT-MH-000" name="Api.TrendingHashtag" tests="1" failures="0" timestamp="30 Oct 2019 04:27:01 GMT" time="63.593" errors="0">
  <testcase name="hashtags" time="63.593" classname="Api.TrendingHashtag"/>
</testsuite> <!-- Api.TrendingHashtag -->
