<?xml version="1.0" encoding="UTF-8"?>
<!-- Generated by org.testng.reporters.JUnitReportReporter -->
<testsuite skipped="0" hostname="CBT-MH-000" name="Search" tests="1" failures="0" timestamp="24 Oct 2019 12:21:31 GMT" time="4.265" errors="0">
  <testcase name="searchTweet" time="4.265" classname="Search"/>
</testsuite> <!-- Search -->
