<?xml version="1.0" encoding="UTF-8"?>
<!-- Generated by org.testng.reporters.JUnitReportReporter -->
<testsuite skipped="0" hostname="CBT-MH-000" name="Displayusername" tests="1" failures="0" timestamp="24 Oct 2019 12:06:47 GMT" time="21.052" errors="0">
  <testcase name="userNameDisplay" time="21.052" classname="Displayusername"/>
</testsuite> <!-- Displayusername -->
