<?xml version="1.0" encoding="UTF-8"?>
<!-- Generated by org.testng.reporters.JUnitReportReporter -->
<testsuite skipped="0" hostname="CBT-MH-000" name="TrendingHashtag" tests="1" failures="0" timestamp="24 Oct 2019 12:13:01 GMT" time="3.915" errors="0">
  <testcase name="trending" time="3.915" classname="TrendingHashtag"/>
</testsuite> <!-- TrendingHashtag -->
