<?xml version="1.0" encoding="UTF-8"?>
<!-- Generated by org.testng.reporters.JUnitReportReporter -->
<testsuite skipped="0" hostname="CBT-MH-000" name="Api.Weather" tests="1" failures="0" timestamp="29 Oct 2019 09:57:00 GMT" time="5.367" errors="0">
  <testcase name="getweather" time="5.367" classname="Api.Weather"/>
</testsuite> <!-- Api.Weather -->
