<?xml version="1.0" encoding="UTF-8"?>
<!-- Generated by org.testng.reporters.JUnitReportReporter -->
<testsuite skipped="0" hostname="CBT-MH-000" name="Twitter" tests="1" failures="0" timestamp="23 Oct 2019 06:09:19 GMT" time="4.957" errors="0">
  <testcase name="getTweet" time="4.957" classname="Twitter"/>
</testsuite> <!-- Twitter -->
