<?xml version="1.0" encoding="UTF-8"?>
<!-- Generated by org.testng.reporters.JUnitReportReporter -->
<testsuite skipped="0" hostname="CBT-MH-000" name="Api.Block" tests="1" failures="0" timestamp="29 Oct 2019 09:50:49 GMT" time="5.320" errors="0">
  <testcase name="blockuser" time="5.320" classname="Api.Block"/>
</testsuite> <!-- Api.Block -->
