<?xml version="1.0" encoding="UTF-8"?>
<!-- Generated by org.testng.reporters.JUnitReportReporter -->
<testsuite skipped="0" hostname="CBT-MH-000" name="Api.Posttweet" tests="1" failures="0" timestamp="29 Oct 2019 09:42:42 GMT" time="21.067" errors="0">
  <testcase name="postTweet" time="21.067" classname="Api.Posttweet"/>
</testsuite> <!-- Api.Posttweet -->
