<?xml version="1.0" encoding="UTF-8"?>
<!-- Generated by org.testng.reporters.JUnitReportReporter -->
<testsuite skipped="0" hostname="CBT-MH-000" name="Second" tests="3" failures="0" timestamp="30 Sep 2019 06:20:02 GMT" time="7.211" errors="0">
  <testcase name="APITEST1" time="1.007" classname="Second"/>
  <testcase name="APITEST1" time="5.154" classname="Second"/>
  <testcase name="APITEST1" time="1.050" classname="Second"/>
</testsuite> <!-- Second -->
