<?xml version="1.0" encoding="UTF-8"?>
<!-- Generated by org.testng.reporters.JUnitReportReporter -->
<testsuite skipped="0" hostname="CBT-MH-000" name="Block" tests="1" failures="0" timestamp="24 Oct 2019 12:16:01 GMT" time="16.194" errors="0">
  <testcase name="blockuser" time="16.194" classname="Block"/>
</testsuite> <!-- Block -->
