<?xml version="1.0" encoding="UTF-8"?>
<!-- Generated by org.testng.reporters.JUnitReportReporter -->
<testsuite skipped="0" hostname="CBT-MH-000" name="Api.Displayusername" tests="1" failures="0" timestamp="29 Oct 2019 09:53:43 GMT" time="6.881" errors="0">
  <testcase name="userNameDisplay" time="6.881" classname="Api.Displayusername"/>
</testsuite> <!-- Api.Displayusername -->
