<?xml version="1.0" encoding="UTF-8"?>
<!-- Generated by org.testng.reporters.JUnitReportReporter -->
<testsuite skipped="0" hostname="CBT-MH-000" name="Api.Search" tests="1" failures="0" timestamp="29 Oct 2019 09:55:56 GMT" time="4.512" errors="0">
  <testcase name="searchTweet" time="4.512" classname="Api.Search"/>
</testsuite> <!-- Api.Search -->
