<?xml version="1.0" encoding="UTF-8"?>
<!-- Generated by org.testng.reporters.JUnitReportReporter -->
<testsuite skipped="0" hostname="CBT-MH-000" name="Weather" tests="1" failures="0" timestamp="24 Oct 2019 12:14:20 GMT" time="5.284" errors="0">
  <testcase name="getweather" time="5.284" classname="Weather"/>
</testsuite> <!-- Weather -->
