<?xml version="1.0" encoding="UTF-8"?>
<!-- Generated by org.testng.reporters.JUnitReportReporter -->
<testsuite skipped="0" hostname="CBT-MH-000" name="Posttweet" tests="1" failures="0" timestamp="24 Oct 2019 12:17:54 GMT" time="5.326" errors="0">
  <testcase name="postTweet" time="5.326" classname="Posttweet"/>
</testsuite> <!-- Posttweet -->
