<?xml version="1.0" encoding="UTF-8"?>
<!-- Generated by org.testng.reporters.JUnitReportReporter -->
<testsuite skipped="0" hostname="CBT-MH-000" name="Api.Listuser" tests="1" failures="0" timestamp="30 Oct 2019 06:01:47 GMT" time="719.812" errors="0">
  <testcase name="listuser" time="719.812" classname="Api.Listuser"/>
</testsuite> <!-- Api.Listuser -->
